<?xml version="1.0" encoding="UTF-8"?>
<!-- Generated by org.testng.reporters.JUnitReportReporter -->
<testsuite skipped="0" hostname="DESKTOP-M9HHM5I" name="resources.PropertiesFile" tests="1" failures="0" timestamp="2022-04-08T12:47:29 CDT" time="0.008" errors="0">
  <testcase name="print" time="0.008" classname="resources.PropertiesFile"/>
  <system-out/>
</testsuite> <!-- resources.PropertiesFile -->
