<?xml version="1.0" encoding="UTF-8"?>
<!-- Generated by org.testng.reporters.JUnitReportReporter -->
<testsuite skipped="0" hostname="DESKTOP-M9HHM5I" name="testCases.TC_Response_Code_404" tests="3" failures="0" timestamp="2022-04-08T18:38:39 CDT" time="4.284" errors="0">
  <testcase name="verifyUserCreated" time="1.422" classname="testCases.TC_Response_Code_404"/>
  <system-out/>
  <testcase name="verifyUserDeleted" time="1.457" classname="testCases.TC_Response_Code_404"/>
  <system-out/>
  <testcase name="verifyUserUpdated" time="1.405" classname="testCases.TC_Response_Code_404"/>
  <system-out/>
</testsuite> <!-- testCases.TC_Response_Code_404 -->
