<?xml version="1.0" encoding="UTF-8"?>
<!-- Generated by org.testng.reporters.JUnitReportReporter -->
<testsuite skipped="0" hostname="DESKTOP-M9HHM5I" name="testCases.TC_SuccessResponseforEachCall" tests="5" failures="0" timestamp="2022-04-08T18:38:39 CDT" time="9.306" errors="0">
  <testcase name="verifyUserCreated" time="3.539" classname="testCases.TC_SuccessResponseforEachCall"/>
  <system-out/>
  <testcase name="verifyResponseGetUserList" time="1.492" classname="testCases.TC_SuccessResponseforEachCall"/>
  <system-out/>
  <testcase name="verifyResponseGetUserById" time="1.441" classname="testCases.TC_SuccessResponseforEachCall"/>
  <system-out/>
  <testcase name="verifyUserUpdated" time="1.416" classname="testCases.TC_SuccessResponseforEachCall"/>
  <system-out/>
  <testcase name="verifyUserDeleted" time="1.418" classname="testCases.TC_SuccessResponseforEachCall"/>
  <system-out/>
</testsuite> <!-- testCases.TC_SuccessResponseforEachCall -->
