<?xml version="1.0" encoding="UTF-8"?>
<!-- Generated by org.testng.reporters.JUnitReportReporter -->
<testsuite skipped="0" hostname="DESKTOP-M9HHM5I" name="testCases.TC_Response_Code_401" tests="1" failures="0" timestamp="2022-04-08T18:38:39 CDT" time="1.365" errors="0">
  <testcase name="unAuthorizedResponse" time="1.365" classname="testCases.TC_Response_Code_401"/>
  <system-out/>
</testsuite> <!-- testCases.TC_Response_Code_401 -->
