<?xml version="1.0" encoding="UTF-8"?>
<!-- Generated by org.testng.reporters.JUnitReportReporter -->
<testsuite skipped="0" hostname="DESKTOP-M9HHM5I" name="testCases.TC_Response_Code_422" tests="2" failures="0" timestamp="2022-04-08T18:38:39 CDT" time="2.777" errors="0">
  <testcase name="verifyResponseGetUserById" time="1.362" classname="testCases.TC_Response_Code_422"/>
  <system-out/>
  <testcase name="repeatSameAction" time="1.415" classname="testCases.TC_Response_Code_422"/>
  <system-out/>
</testsuite> <!-- testCases.TC_Response_Code_422 -->
